[2017-02-12 07:40:13] lumen.ERROR: exception 'RuntimeException' with message 'The "-c" option does not exist.' in /var/www/html/blog/vendor/symfony/console/Input/ArgvInput.php:124
Stack trace:
#0 /var/www/html/blog/vendor/symfony/console/Input/ArgvInput.php(105): Symfony\Component\Console\Input\ArgvInput->parseShortOptionSet('create=books')
#1 /var/www/html/blog/vendor/symfony/console/Input/ArgvInput.php(84): Symfony\Component\Console\Input\ArgvInput->parseShortOption('-create=books')
#2 /var/www/html/blog/vendor/symfony/console/Input/Input.php(59): Symfony\Component\Console\Input\ArgvInput->parse()
#3 /var/www/html/blog/vendor/symfony/console/Command/Command.php(219): Symfony\Component\Console\Input\Input->bind(Object(Symfony\Component\Console\Input\InputDefinition))
#4 /var/www/html/blog/vendor/illuminate/console/Command.php(136): Symfony\Component\Console\Command\Command->run(Object(Symfony\Component\Console\Input\ArgvInput), Object(Symfony\Component\Console\Output\ConsoleOutput))
#5 /var/www/html/blog/vendor/symfony/console/Application.php(843): Illuminate\Console\Command->run(Object(Symfony\Component\Console\Input\ArgvInput), Object(Symfony\Component\Console\Output\ConsoleOutput))
#6 /var/www/html/blog/vendor/symfony/console/Application.php(188): Symfony\Component\Console\Application->doRunCommand(Object(Illuminate\Database\Console\Migrations\MigrateMakeCommand), Object(Symfony\Component\Console\Input\ArgvInput), Object(Symfony\Component\Console\Output\ConsoleOutput))
#7 /var/www/html/blog/vendor/symfony/console/Application.php(119): Symfony\Component\Console\Application->doRun(Object(Symfony\Component\Console\Input\ArgvInput), Object(Symfony\Component\Console\Output\ConsoleOutput))
#8 /var/www/html/blog/vendor/laravel/lumen-framework/src/Console/Kernel.php(78): Symfony\Component\Console\Application->run(Object(Symfony\Component\Console\Input\ArgvInput), Object(Symfony\Component\Console\Output\ConsoleOutput))
#9 /var/www/html/blog/artisan(35): Laravel\Lumen\Console\Kernel->handle(Object(Symfony\Component\Console\Input\ArgvInput), Object(Symfony\Component\Console\Output\ConsoleOutput))
#10 {main}  
[2017-02-12 07:40:37] lumen.ERROR: exception 'RuntimeException' with message 'Too many arguments, expected arguments "command" "name".' in /var/www/html/blog/vendor/symfony/console/Input/ArgvInput.php:182
Stack trace:
#0 /var/www/html/blog/vendor/symfony/console/Input/ArgvInput.php(86): Symfony\Component\Console\Input\ArgvInput->parseArgument('\xE2\x80\x93create=books')
#1 /var/www/html/blog/vendor/symfony/console/Input/Input.php(59): Symfony\Component\Console\Input\ArgvInput->parse()
#2 /var/www/html/blog/vendor/symfony/console/Command/Command.php(219): Symfony\Component\Console\Input\Input->bind(Object(Symfony\Component\Console\Input\InputDefinition))
#3 /var/www/html/blog/vendor/illuminate/console/Command.php(136): Symfony\Component\Console\Command\Command->run(Object(Symfony\Component\Console\Input\ArgvInput), Object(Symfony\Component\Console\Output\ConsoleOutput))
#4 /var/www/html/blog/vendor/symfony/console/Application.php(843): Illuminate\Console\Command->run(Object(Symfony\Component\Console\Input\ArgvInput), Object(Symfony\Component\Console\Output\ConsoleOutput))
#5 /var/www/html/blog/vendor/symfony/console/Application.php(188): Symfony\Component\Console\Application->doRunCommand(Object(Illuminate\Database\Console\Migrations\MigrateMakeCommand), Object(Symfony\Component\Console\Input\ArgvInput), Object(Symfony\Component\Console\Output\ConsoleOutput))
#6 /var/www/html/blog/vendor/symfony/console/Application.php(119): Symfony\Component\Console\Application->doRun(Object(Symfony\Component\Console\Input\ArgvInput), Object(Symfony\Component\Console\Output\ConsoleOutput))
#7 /var/www/html/blog/vendor/laravel/lumen-framework/src/Console/Kernel.php(78): Symfony\Component\Console\Application->run(Object(Symfony\Component\Console\Input\ArgvInput), Object(Symfony\Component\Console\Output\ConsoleOutput))
#8 /var/www/html/blog/artisan(35): Laravel\Lumen\Console\Kernel->handle(Object(Symfony\Component\Console\Input\ArgvInput), Object(Symfony\Component\Console\Output\ConsoleOutput))
#9 {main}  
[2017-02-12 07:41:07] lumen.ERROR: exception 'RuntimeException' with message 'Too many arguments, expected arguments "command" "name".' in /var/www/html/blog/vendor/symfony/console/Input/ArgvInput.php:182
Stack trace:
#0 /var/www/html/blog/vendor/symfony/console/Input/ArgvInput.php(86): Symfony\Component\Console\Input\ArgvInput->parseArgument('\xE2\x80\x93create=books')
#1 /var/www/html/blog/vendor/symfony/console/Input/Input.php(59): Symfony\Component\Console\Input\ArgvInput->parse()
#2 /var/www/html/blog/vendor/symfony/console/Command/Command.php(219): Symfony\Component\Console\Input\Input->bind(Object(Symfony\Component\Console\Input\InputDefinition))
#3 /var/www/html/blog/vendor/illuminate/console/Command.php(136): Symfony\Component\Console\Command\Command->run(Object(Symfony\Component\Console\Input\ArgvInput), Object(Symfony\Component\Console\Output\ConsoleOutput))
#4 /var/www/html/blog/vendor/symfony/console/Application.php(843): Illuminate\Console\Command->run(Object(Symfony\Component\Console\Input\ArgvInput), Object(Symfony\Component\Console\Output\ConsoleOutput))
#5 /var/www/html/blog/vendor/symfony/console/Application.php(188): Symfony\Component\Console\Application->doRunCommand(Object(Illuminate\Database\Console\Migrations\MigrateMakeCommand), Object(Symfony\Component\Console\Input\ArgvInput), Object(Symfony\Component\Console\Output\ConsoleOutput))
#6 /var/www/html/blog/vendor/symfony/console/Application.php(119): Symfony\Component\Console\Application->doRun(Object(Symfony\Component\Console\Input\ArgvInput), Object(Symfony\Component\Console\Output\ConsoleOutput))
#7 /var/www/html/blog/vendor/laravel/lumen-framework/src/Console/Kernel.php(78): Symfony\Component\Console\Application->run(Object(Symfony\Component\Console\Input\ArgvInput), Object(Symfony\Component\Console\Output\ConsoleOutput))
#8 /var/www/html/blog/artisan(35): Laravel\Lumen\Console\Kernel->handle(Object(Symfony\Component\Console\Input\ArgvInput), Object(Symfony\Component\Console\Output\ConsoleOutput))
#9 {main}  
